<?xml version="1.0" encoding="UTF-8"?>
<robot generator="Robot 5.0.1 (Python 3.11.0 on win32)" generated="20230115 19:15:21.997" rpa="false" schemaversion="3">
<suite id="s1" name="PesquisarCep" source="C:\Users\raphael.maciel\Desktop\Desafio\ConsultaApiCep\Api\Tests\PesquisarCep.robot">
<test id="s1-t1" name="Caso de teste 1: Pesquisar um cep válido" line="6">
<kw name="Dado que esteja conectado no site ApiCep" library="PesquisarCep">
<kw name="Create Session" library="RequestsLibrary">
<arg>ApiCep</arg>
<arg>${URL}</arg>
<doc>Create Session: create a HTTP session to a server</doc>
<msg timestamp="20230115 19:15:22.290" level="INFO">Creating Session using : alias=ApiCep, url=https://cdn.apicep.com/file/apicep/, headers={},                     cookies={}, auth=None, timeout=None, proxies=None, verify=False,                     debug=0 </msg>
<status status="PASS" starttime="20230115 19:15:22.290" endtime="20230115 19:15:22.290"/>
</kw>
<status status="PASS" starttime="20230115 19:15:22.289" endtime="20230115 19:15:22.290"/>
</kw>
<kw name="Quando o usuário consultar o CEP &quot;20250-054&quot;" library="PesquisarCep" sourcename="Quando o usuário consultar o CEP &quot;${CEP}&quot;">
<kw name="Catenate" library="BuiltIn">
<var>${CEP}</var>
<arg>${CEP}.json</arg>
<doc>Catenates the given items together and returns the resulted string.</doc>
<msg timestamp="20230115 19:15:22.291" level="INFO">${CEP} = 20250-054.json</msg>
<status status="PASS" starttime="20230115 19:15:22.291" endtime="20230115 19:15:22.291"/>
</kw>
<kw name="GET On Session" library="RequestsLibrary">
<var>${RESPONSE_CONSULTA_CEP}</var>
<arg>ApiCep</arg>
<arg>${CEP}</arg>
<doc>Sends a GET request on a previously created HTTP Session.</doc>
<msg timestamp="20230115 19:15:22.574" level="INFO">GET Request : url=https://cdn.apicep.com/file/apicep/20250-054.json 
 path_url=/file/apicep/20250-054.json 
 headers={'User-Agent': 'python-requests/2.28.1', 'Accept-Encoding': 'gzip, deflate', 'Accept': '*/*', 'Connection': 'keep-alive'} 
 body=None 
 </msg>
<msg timestamp="20230115 19:15:22.574" level="INFO">GET Response : url=https://cdn.apicep.com/file/apicep/20250-054.json 
 status=200, reason=OK 
 headers={'NEL': '{"success_fraction":0,"report_to":"cf-nel","max_age":604800}', 'Date': 'Sun, 15 Jan 2023 22:15:04 GMT', 'etag': 'W/"e5f52949c547e464b5c32f345f60e80e"', 'vary': 'Access-Control-Request-Headers,Access-Control-Request-Method,Origin', 'x-hw': '1673820904.dop234.sp3.t,1673820904.cds048.sp3.hn,1673820904.cds045.sp3.c', 'CF-RAY': '78a1f7cdfaae4b23-GRU', 'Server': 'cloudflare', 'alt-svc': 'h3=":443"; ma=86400, h3-29=":443"; ma=86400', 'Report-To': '{"endpoints":[{"url":"https:\\/\\/a.nel.cloudflare.com\\/report\\/v3?s=XuL515kuMKLIw04eDGiBzwU4egPIqKJ1Ru3PJ7yK4bGG%2FXVg2HH5Dwik7F%2BYmsAuo8uv8nIHIxCuX3ylAdfq9KQxk2WhoqusIxM68mhomaZdog5idpJgluQXo%2BBYKP33hA%3D%3D"}],"group":"cf-nel","max_age":604800}', 'Connection': 'Keep-Alive', 'Content-Type': 'application/json', 'Cache-Control': 'max-age=514356', 'last-modified': 'Thu, 15 Sep 2022 23:25:48 GMT', 'x-sp-metadata': 'HS256.CPiRkp4GEogBCiRhNmU3N2QxOS0zOTUwLTQxODItOGJiNy1mNjc1OGViMzdjZjMQkMbntoHF+wIaBgjo9ZGeBiINMTcyLjY4LjE4LjE1MSisuQMwAzgEQhZUTFNfQUVTXzEyOF9HQ01fU0hBMjU2WiA5MDU4NWUxNWE0NDEwOWMxZGIxMzI1ODA0MGI3M2EyMBorCAESJDcwNTdkOTQ5LWE2YzQtNDI1NC1iZDE3LWI3ZmZkMDUyYmQwORiyASIYCAISFGNkczA0NS5zcDMuaHdjZG4ubmV0.+KLIVsTaNNaZac2NYrCjSNAdE4AWT1IRpk4l1vE0/qE=', 'CF-Cache-Status': 'DYNAMIC', 'x-amz-request-id': 'tx00000000000025138b516-0063c3199c-42d93a25-sfo2a', 'Transfer-Encoding': 'chunked', 'x-rgw-object-type': 'Normal', 'x-amz-meta-s3cmd-attrs': 'atime:1663201059/ctime:1663204607/gid:1000/gname:rafas/mode:33188/mtime:1663201059/uid:1000/uname:rafas', 'strict-transport-security': 'max-age=15552000; includeSubDomains; preload'} 
 body={"code":"20250-054","state":"RJ","city":"Rio de Janeiro","district":"Estácio","address":"Rua São Carlos - de 481 ao fim - lado ímpar","status":200,"ok":true,"statusText":"ok"} 
 </msg>
<msg timestamp="20230115 19:15:22.574" level="INFO">C:\Users\raphael.maciel\AppData\Local\Programs\Python\Python311\Lib\site-packages\urllib3\connectionpool.py:1045: InsecureRequestWarning: Unverified HTTPS request is being made to host 'cdn.apicep.com'. Adding certificate verification is strongly advised. See: https://urllib3.readthedocs.io/en/1.26.x/advanced-usage.html#ssl-warnings
  warnings.warn(</msg>
<msg timestamp="20230115 19:15:22.575" level="INFO">${RESPONSE_CONSULTA_CEP} = &lt;Response [200]&gt;</msg>
<status status="PASS" starttime="20230115 19:15:22.291" endtime="20230115 19:15:22.575"/>
</kw>
<kw name="Set Test Variable" library="BuiltIn">
<arg>${RESPONSE_CONSULTA_CEP}</arg>
<doc>Makes a variable available everywhere within the scope of the current test.</doc>
<msg timestamp="20230115 19:15:22.576" level="INFO">${RESPONSE_CONSULTA_CEP} = &lt;Response [200]&gt;</msg>
<status status="PASS" starttime="20230115 19:15:22.576" endtime="20230115 19:15:22.577"/>
</kw>
<status status="PASS" starttime="20230115 19:15:22.291" endtime="20230115 19:15:22.577"/>
</kw>
<kw name="Então deve ser mostrado o endereço &quot;Rua São Carlos - de 481 ao fim - lado ímpar&quot;" library="PesquisarCep" sourcename="Então deve ser mostrado o endereço &quot;${ENDEREÇO}&quot;">
<kw name="Dictionary Should Contain Item" library="Collections">
<arg>${RESPONSE_CONSULTA_CEP.json()}</arg>
<arg>address</arg>
<arg>${ENDEREÇO}</arg>
<doc>An item of ``key`` / ``value`` must be found in a ``dictionary``.</doc>
<status status="PASS" starttime="20230115 19:15:22.578" endtime="20230115 19:15:22.579"/>
</kw>
<status status="PASS" starttime="20230115 19:15:22.577" endtime="20230115 19:15:22.579"/>
</kw>
<kw name="E deve ser mostrado o bairro &quot;Estácio&quot;" library="PesquisarCep" sourcename="E deve ser mostrado o bairro &quot;${BAIRRO}&quot;">
<kw name="Dictionary Should Contain Item" library="Collections">
<arg>${RESPONSE_CONSULTA_CEP.json()}</arg>
<arg>district</arg>
<arg>${BAIRRO}</arg>
<doc>An item of ``key`` / ``value`` must be found in a ``dictionary``.</doc>
<status status="PASS" starttime="20230115 19:15:22.580" endtime="20230115 19:15:22.581"/>
</kw>
<status status="PASS" starttime="20230115 19:15:22.580" endtime="20230115 19:15:22.581"/>
</kw>
<kw name="E deve ser mostrada a cidade &quot;Rio de Janeiro&quot;" library="PesquisarCep" sourcename="E deve ser mostrada a cidade &quot;${CIDADE}&quot;">
<kw name="Dictionary Should Contain Item" library="Collections">
<arg>${RESPONSE_CONSULTA_CEP.json()}</arg>
<arg>city</arg>
<arg>${CIDADE}</arg>
<doc>An item of ``key`` / ``value`` must be found in a ``dictionary``.</doc>
<status status="PASS" starttime="20230115 19:15:22.583" endtime="20230115 19:15:22.584"/>
</kw>
<status status="PASS" starttime="20230115 19:15:22.582" endtime="20230115 19:15:22.584"/>
</kw>
<kw name="E deve ser mostrada a UF &quot;RJ&quot;" library="PesquisarCep" sourcename="E deve ser mostrada a UF &quot;${ESTADO}&quot;">
<kw name="Dictionary Should Contain Item" library="Collections">
<arg>${RESPONSE_CONSULTA_CEP.json()}</arg>
<arg>state</arg>
<arg>${ESTADO}</arg>
<doc>An item of ``key`` / ``value`` must be found in a ``dictionary``.</doc>
<status status="PASS" starttime="20230115 19:15:22.585" endtime="20230115 19:15:22.586"/>
</kw>
<status status="PASS" starttime="20230115 19:15:22.585" endtime="20230115 19:15:22.586"/>
</kw>
<kw name="E deve ser mostrado o CEP &quot;20250-054&quot;" library="PesquisarCep" sourcename="E deve ser mostrado o CEP &quot;${CEP}&quot;">
<kw name="Dictionary Should Contain Item" library="Collections">
<arg>${RESPONSE_CONSULTA_CEP.json()}</arg>
<arg>code</arg>
<arg>${CEP}</arg>
<doc>An item of ``key`` / ``value`` must be found in a ``dictionary``.</doc>
<status status="PASS" starttime="20230115 19:15:22.587" endtime="20230115 19:15:22.588"/>
</kw>
<status status="PASS" starttime="20230115 19:15:22.587" endtime="20230115 19:15:22.588"/>
</kw>
<kw name="E status code deve ser &quot;200&quot;" library="PesquisarCep" sourcename="E status code deve ser &quot;${STATUS_CODE}&quot;">
<kw name="Get File" library="OperatingSystem">
<var>${JSON_CEP_VALIDO}</var>
<arg>../JSON/CepValido.json</arg>
<doc>Returns the contents of a specified file.</doc>
<msg timestamp="20230115 19:15:22.590" level="INFO" html="true">Getting file '&lt;a href="file://C:\Users\raphael.maciel\Desktop\Desafio\ConsultaApiCep\Api\JSON\CepValido.json"&gt;C:\Users\raphael.maciel\Desktop\Desafio\ConsultaApiCep\Api\JSON\CepValido.json&lt;/a&gt;'.</msg>
<msg timestamp="20230115 19:15:22.591" level="INFO">${JSON_CEP_VALIDO} = {
    "code": "20250-054",
    "state": "RJ",
    "city": "Rio de Janeiro",
    "district": "Estácio",
    "address": "Rua São Carlos - de 481 ao fim - lado ímpar",
    "status": 200,
    "ok": true,
...</msg>
<status status="PASS" starttime="20230115 19:15:22.589" endtime="20230115 19:15:22.591"/>
</kw>
<kw name="Convert String To Json" library="JSONLibrary">
<var>${JSON_CEP_VALIDO}</var>
<arg>${JSON_CEP_VALIDO}</arg>
<doc>Convert String to JSON object</doc>
<msg timestamp="20230115 19:15:22.591" level="INFO">${JSON_CEP_VALIDO} = {'code': '20250-054', 'state': 'RJ', 'city': 'Rio de Janeiro', 'district': 'Estácio', 'address': 'Rua São Carlos - de 481 ao fim - lado ímpar', 'status': 200, 'ok': True, 'statusText': 'ok'}</msg>
<status status="PASS" starttime="20230115 19:15:22.591" endtime="20230115 19:15:22.591"/>
</kw>
<kw name="Dictionaries Should Be Equal" library="Collections">
<arg>${RESPONSE_CONSULTA_CEP.json()}</arg>
<arg>${JSON_CEP_VALIDO}</arg>
<doc>Fails if the given dictionaries are not equal.</doc>
<status status="PASS" starttime="20230115 19:15:22.592" endtime="20230115 19:15:22.592"/>
</kw>
<kw name="Should Be Equal As Strings" library="BuiltIn">
<arg>${RESPONSE_CONSULTA_CEP.status_code}</arg>
<arg>${STATUS_CODE}</arg>
<doc>Fails if objects are unequal after converting them to strings.</doc>
<msg timestamp="20230115 19:15:22.593" level="INFO">Argument types are:
&lt;class 'int'&gt;
&lt;class 'str'&gt;</msg>
<status status="PASS" starttime="20230115 19:15:22.592" endtime="20230115 19:15:22.593"/>
</kw>
<status status="PASS" starttime="20230115 19:15:22.589" endtime="20230115 19:15:22.593"/>
</kw>
<status status="PASS" starttime="20230115 19:15:22.289" endtime="20230115 19:15:22.594"/>
</test>
<test id="s1-t2" name="Caso de teste 2: Pesquisar um cep invalido" line="16">
<kw name="Dado que esteja conectado no site ApiCep" library="PesquisarCep">
<kw name="Create Session" library="RequestsLibrary">
<arg>ApiCep</arg>
<arg>${URL}</arg>
<doc>Create Session: create a HTTP session to a server</doc>
<msg timestamp="20230115 19:15:22.597" level="INFO">Creating Session using : alias=ApiCep, url=https://cdn.apicep.com/file/apicep/, headers={},                     cookies={}, auth=None, timeout=None, proxies=None, verify=False,                     debug=0 </msg>
<status status="PASS" starttime="20230115 19:15:22.597" endtime="20230115 19:15:22.597"/>
</kw>
<status status="PASS" starttime="20230115 19:15:22.597" endtime="20230115 19:15:22.597"/>
</kw>
<kw name="Quando o usuário consultar o CEP invalido &quot;33333-334&quot;" library="PesquisarCep" sourcename="Quando o usuário consultar o CEP invalido &quot;${CEP}&quot;">
<kw name="Catenate" library="BuiltIn">
<var>${CEP}</var>
<arg>${CEP}.json</arg>
<doc>Catenates the given items together and returns the resulted string.</doc>
<msg timestamp="20230115 19:15:22.598" level="INFO">${CEP} = 33333-334.json</msg>
<status status="PASS" starttime="20230115 19:15:22.598" endtime="20230115 19:15:22.598"/>
</kw>
<kw name="GET On Session" library="RequestsLibrary">
<var>${RESPONSE_CONSULTA_CEP}</var>
<arg>ApiCep</arg>
<arg>${CEP}</arg>
<arg>expected_status=403</arg>
<doc>Sends a GET request on a previously created HTTP Session.</doc>
<msg timestamp="20230115 19:15:23.602" level="INFO">GET Request : url=https://cdn.apicep.com/file/apicep/33333-334.json 
 path_url=/file/apicep/33333-334.json 
 headers={'User-Agent': 'python-requests/2.28.1', 'Accept-Encoding': 'gzip, deflate', 'Accept': '*/*', 'Connection': 'keep-alive'} 
 body=None 
 </msg>
<msg timestamp="20230115 19:15:23.603" level="INFO">GET Response : url=https://cdn.apicep.com/file/apicep/33333-334.json 
 status=403, reason=Forbidden 
 headers={'NEL': '{"success_fraction":0,"report_to":"cf-nel","max_age":604800}', 'Date': 'Sun, 15 Jan 2023 22:15:05 GMT', 'vary': 'Access-Control-Request-Headers,Access-Control-Request-Method,Origin', 'x-hw': '1673820904.dop204.sp3.t,1673820904.cds240.sp3.hn,1673820905.cds205.sp3.p', 'CF-RAY': '78a1f7cf8982a626-GRU', 'Server': 'cloudflare', 'alt-svc': 'h3=":443"; ma=86400, h3-29=":443"; ma=86400', 'Report-To': '{"endpoints":[{"url":"https:\\/\\/a.nel.cloudflare.com\\/report\\/v3?s=QoPQCBdPo91Qe8cqk%2FOmys6wsxGI74gVVQ18komZ4LMcP%2FlKE02xKyCX%2BOfeGGrruoDhtJYmnSDfoGB1TyEq5pXwrOT4PBG70Svshr3F4K4bN5emNScZ%2B25U3sOkexCJTA%3D%3D"}],"group":"cf-nel","max_age":604800}', 'Connection': 'Keep-Alive', 'Content-Type': 'application/xml', 'Cache-Control': 'max-age=60', 'x-sp-metadata': 'HS256.CPmRkp4GEocBCiQ4NjViYWI5OS0wMzc1LTQ5NWYtYjNlNC01OTgyMjZhYzg4OWQQkMbntoHF+wIaBgjo9ZGeBiIMMTcyLjcxLjYuMTI5KLTNATADOARCFlRMU19BRVNfMTI4X0dDTV9TSEEyNTZaIDkwNTg1ZTE1YTQ0MTA5YzFkYjEzMjU4MDQwYjczYTIwGikSJDdkZGE3MjNlLTkyYTctNGYzMS1hMDVmLTJhZjFlNThlYjllYRjYASIaCAISFGNkczIwNS5zcDMuaHdjZG4ubmV0GAk=.j47qyRw5joJFyqmsy5rHJL+DcVXwOdlr6lT2zKGenvo=', 'CF-Cache-Status': 'DYNAMIC', 'x-amz-request-id': 'tx000000000000258584055-0063c47ae9-42d93a25-sfo2a', 'Transfer-Encoding': 'chunked', 'strict-transport-security': 'max-age=15552000; includeSubDomains; preload'} 
 body=&lt;?xml version="1.0" encoding="UTF-8"?&gt;&lt;Error&gt;&lt;Code&gt;AccessDenied&lt;/Code&gt;&lt;BucketName&gt;apicep&lt;/BucketName&gt;&lt;RequestId&gt;tx000000000000258584055-0063c47ae9-42d93a25-sfo2a&lt;/RequestId&gt;&lt;HostId&gt;42d93a25-sfo2a-sfo&lt;/HostId&gt;&lt;/Error&gt; 
 </msg>
<msg timestamp="20230115 19:15:23.603" level="INFO">C:\Users\raphael.maciel\AppData\Local\Programs\Python\Python311\Lib\site-packages\urllib3\connectionpool.py:1045: InsecureRequestWarning: Unverified HTTPS request is being made to host 'cdn.apicep.com'. Adding certificate verification is strongly advised. See: https://urllib3.readthedocs.io/en/1.26.x/advanced-usage.html#ssl-warnings
  warnings.warn(</msg>
<msg timestamp="20230115 19:15:23.605" level="INFO">${RESPONSE_CONSULTA_CEP} = &lt;Response [403]&gt;</msg>
<status status="PASS" starttime="20230115 19:15:22.598" endtime="20230115 19:15:23.605"/>
</kw>
<kw name="Set Test Variable" library="BuiltIn">
<arg>${RESPONSE_CONSULTA_CEP}</arg>
<doc>Makes a variable available everywhere within the scope of the current test.</doc>
<msg timestamp="20230115 19:15:23.606" level="INFO">${RESPONSE_CONSULTA_CEP} = &lt;Response [403]&gt;</msg>
<status status="PASS" starttime="20230115 19:15:23.606" endtime="20230115 19:15:23.607"/>
</kw>
<status status="PASS" starttime="20230115 19:15:22.597" endtime="20230115 19:15:23.607"/>
</kw>
<kw name="Então a requisição deve falhar e retornar o status &quot;403&quot;" library="PesquisarCep" sourcename="Então a requisição deve falhar e retornar o status &quot;${STATUS_403}&quot;">
<kw name="Status Should Be" library="RequestsLibrary">
<arg>${STATUS_403}</arg>
<arg>response=${RESPONSE_CONSULTA_CEP}</arg>
<doc>Fails if response status code is different than the expected.</doc>
<status status="PASS" starttime="20230115 19:15:23.609" endtime="20230115 19:15:23.610"/>
</kw>
<status status="PASS" starttime="20230115 19:15:23.608" endtime="20230115 19:15:23.610"/>
</kw>
<status status="PASS" starttime="20230115 19:15:22.596" endtime="20230115 19:15:23.611"/>
</test>
<status status="PASS" starttime="20230115 19:15:21.999" endtime="20230115 19:15:23.615"/>
</suite>
<statistics>
<total>
<stat pass="2" fail="0" skip="0">All Tests</stat>
</total>
<tag>
</tag>
<suite>
<stat pass="2" fail="0" skip="0" id="s1" name="PesquisarCep">PesquisarCep</stat>
</suite>
</statistics>
<errors>
</errors>
</robot>
